<?xml version="1.0" encoding="UTF-8"?>
<testng-results skipped="0" failed="0" ignored="0" total="1" passed="1">
  <reporter-output>
  </reporter-output>
  <suite name="Default suite" duration-ms="15427" started-at="2018-01-26T00:20:29Z" finished-at="2018-01-26T00:20:44Z">
    <groups>
    </groups>
    <test name="Default test" duration-ms="15427" started-at="2018-01-26T00:20:29Z" finished-at="2018-01-26T00:20:44Z">
      <class name="JDBCconnection.JDBCDDT">
        <test-method status="PASS" signature="gotoApplication()[pri:0, instance:JDBCconnection.JDBCDDT@46d56d67]" name="gotoApplication" is-config="true" duration-ms="3838" started-at="2018-01-25T19:20:29Z" finished-at="2018-01-25T19:20:32Z">
          <reporter-output>
          </reporter-output>
        </test-method> <!-- gotoApplication -->
        <test-method status="PASS" signature="test()[pri:0, instance:JDBCconnection.JDBCDDT@46d56d67]" name="test" duration-ms="11565" started-at="2018-01-25T19:20:32Z" finished-at="2018-01-25T19:20:44Z">
          <reporter-output>
          </reporter-output>
        </test-method> <!-- test -->
      </class> <!-- JDBCconnection.JDBCDDT -->
    </test> <!-- Default test -->
  </suite> <!-- Default suite -->
</testng-results>
